<?xml version="1.0" encoding="UTF-8"?>
<!-- Generated by org.testng.reporters.JUnitXMLReporter -->
<testsuite hostname="DESKTOP-FRLCKIF" ignored="0" name="Test" tests="8" failures="5" timestamp="31 Oct 2018 15:31:09 GMT" time="232.943" errors="0">
  <testcase name="SelectConatactsTest" time="0.26" classname="com.crm.qa.testcases.ConatctsPageTest"/>
  <testcase name="SelectMultipleConatactsTest" time="0.295" classname="com.crm.qa.testcases.ConatctsPageTest"/>
  <testcase name="VerifyContacctsPageLabel" time="0.11" classname="com.crm.qa.testcases.ConatctsPageTest">
    <failure type="junit.framework.AssertionFailedError" message="expected:&amp;lt;true&amp;gt; but was:&amp;lt;Contacts&amp;gt;">
      <![CDATA[junit.framework.AssertionFailedError: expected:<true> but was:<Contacts>
at junit.framework.Assert.fail(Assert.java:57)
at junit.framework.Assert.failNotEquals(Assert.java:329)
at junit.framework.Assert.assertEquals(Assert.java:78)
at junit.framework.Assert.assertEquals(Assert.java:86)
at com.crm.qa.testcases.ConatctsPageTest.VerifyContacctsPageLabel(ConatctsPageTest.java:70)
... Removed 25 stack frames]]>
    </failure>
  </testcase> <!-- VerifyContacctsPageLabel -->
  <testcase name="validateCreateNewContact" time="6.246" classname="com.crm.qa.testcases.ConatctsPageTest">
    <failure type="java.lang.NullPointerException">
      <![CDATA[java.lang.NullPointerException
at org.openqa.selenium.support.ui.Quotes.escape(Quotes.java:42)
at org.openqa.selenium.support.ui.Select.selectByVisibleText(Select.java:116)
at com.crm.qa.Pages.ContactsPage.CreateNewContact(ContactsPage.java:62)
at com.crm.qa.testcases.ConatctsPageTest.validateCreateNewContact(ConatctsPageTest.java:112)
... Removed 25 stack frames]]>
    </failure>
  </testcase> <!-- validateCreateNewContact -->
  <testcase name="validateCreateNewContact" time="6.287" classname="com.crm.qa.testcases.ConatctsPageTest">
    <failure type="java.lang.NullPointerException">
      <![CDATA[java.lang.NullPointerException
at org.openqa.selenium.support.ui.Quotes.escape(Quotes.java:42)
at org.openqa.selenium.support.ui.Select.selectByVisibleText(Select.java:116)
at com.crm.qa.Pages.ContactsPage.CreateNewContact(ContactsPage.java:62)
at com.crm.qa.testcases.ConatctsPageTest.validateCreateNewContact(ConatctsPageTest.java:112)
... Removed 25 stack frames]]>
    </failure>
  </testcase> <!-- validateCreateNewContact -->
  <testcase name="validateCreateNewContact" time="6.801" classname="com.crm.qa.testcases.ConatctsPageTest">
    <failure type="java.lang.NullPointerException">
      <![CDATA[java.lang.NullPointerException
at org.openqa.selenium.support.ui.Quotes.escape(Quotes.java:42)
at org.openqa.selenium.support.ui.Select.selectByVisibleText(Select.java:116)
at com.crm.qa.Pages.ContactsPage.CreateNewContact(ContactsPage.java:62)
at com.crm.qa.testcases.ConatctsPageTest.validateCreateNewContact(ConatctsPageTest.java:112)
... Removed 25 stack frames]]>
    </failure>
  </testcase> <!-- validateCreateNewContact -->
  <testcase name="validateCreateNewContact" time="5.729" classname="com.crm.qa.testcases.ConatctsPageTest">
    <failure type="java.lang.NullPointerException">
      <![CDATA[java.lang.NullPointerException
at org.openqa.selenium.support.ui.Quotes.escape(Quotes.java:42)
at org.openqa.selenium.support.ui.Select.selectByVisibleText(Select.java:116)
at com.crm.qa.Pages.ContactsPage.CreateNewContact(ContactsPage.java:62)
at com.crm.qa.testcases.ConatctsPageTest.validateCreateNewContact(ConatctsPageTest.java:112)
... Removed 25 stack frames]]>
    </failure>
  </testcase> <!-- validateCreateNewContact -->
  <testcase name="loginPageTitleTest" time="0.049" classname="com.crm.qa.testcases.LoginPageTest"/>
</testsuite> <!-- Test -->
